This is pdfTeX, Version 3.14159265-2.6-1.40.21 (TeX Live 2020) (preloaded format=pdflatex 2020.12.30)  29 APR 2022 12:19
entering extended mode
 \write18 enabled.
 file:line:error style messages enabled.
 %&-line parsing enabled.
**bv_seg.tex
(./bv_seg.tex
LaTeX2e <2020-02-02> patch level 5
L3 programming layer <2020-03-06>
(/usr/local/texlive/2020/texmf-dist/tex/latex/base/article.cls
Document Class: article 2019/12/20 v1.4l Standard LaTeX document class
(/usr/local/texlive/2020/texmf-dist/tex/latex/base/size10.clo
File: size10.clo 2019/12/20 v1.4l Standard LaTeX file (size option)
)
\c@part=\count167
\c@section=\count168
\c@subsection=\count169
\c@subsubsection=\count170
\c@paragraph=\count171
\c@subparagraph=\count172
\c@figure=\count173
\c@table=\count174
\abovecaptionskip=\skip47
\belowcaptionskip=\skip48
\bibindent=\dimen134
) (./spconf.sty)
(/usr/local/texlive/2020/texmf-dist/tex/latex/amsmath/amsmath.sty
Package: amsmath 2020/01/20 v2.17e AMS math features
\@mathmargin=\skip49

For additional information on amsmath, use the `?' option.
(/usr/local/texlive/2020/texmf-dist/tex/latex/amsmath/amstext.sty
Package: amstext 2000/06/29 v2.01 AMS text

(/usr/local/texlive/2020/texmf-dist/tex/latex/amsmath/amsgen.sty
File: amsgen.sty 1999/11/30 v2.0 generic functions
\@emptytoks=\toks15
\ex@=\dimen135
))
(/usr/local/texlive/2020/texmf-dist/tex/latex/amsmath/amsbsy.sty
Package: amsbsy 1999/11/29 v1.2d Bold Symbols
\pmbraise@=\dimen136
)
(/usr/local/texlive/2020/texmf-dist/tex/latex/amsmath/amsopn.sty
Package: amsopn 2016/03/08 v2.02 operator names
)
\inf@bad=\count175
LaTeX Info: Redefining \frac on input line 227.
\uproot@=\count176
\leftroot@=\count177
LaTeX Info: Redefining \overline on input line 389.
\classnum@=\count178
\DOTSCASE@=\count179
LaTeX Info: Redefining \ldots on input line 486.
LaTeX Info: Redefining \dots on input line 489.
LaTeX Info: Redefining \cdots on input line 610.
\Mathstrutbox@=\box45
\strutbox@=\box46
\big@size=\dimen137
LaTeX Font Info:    Redeclaring font encoding OML on input line 733.
LaTeX Font Info:    Redeclaring font encoding OMS on input line 734.
\macc@depth=\count180
\c@MaxMatrixCols=\count181
\dotsspace@=\muskip16
\c@parentequation=\count182
\dspbrk@lvl=\count183
\tag@help=\toks16
\row@=\count184
\column@=\count185
\maxfields@=\count186
\andhelp@=\toks17
\eqnshift@=\dimen138
\alignsep@=\dimen139
\tagshift@=\dimen140
\tagwidth@=\dimen141
\totwidth@=\dimen142
\lineht@=\dimen143
\@envbody=\toks18
\multlinegap=\skip50
\multlinetaggap=\skip51
\mathdisplay@stack=\toks19
LaTeX Info: Redefining \[ on input line 2859.
LaTeX Info: Redefining \] on input line 2860.
)
(/usr/local/texlive/2020/texmf-dist/tex/latex/graphics/graphicx.sty
Package: graphicx 2019/11/30 v1.2a Enhanced LaTeX Graphics (DPC,SPQR)

(/usr/local/texlive/2020/texmf-dist/tex/latex/graphics/keyval.sty
Package: keyval 2014/10/28 v1.15 key=value parser (DPC)
\KV@toks@=\toks20
)
(/usr/local/texlive/2020/texmf-dist/tex/latex/graphics/graphics.sty
Package: graphics 2019/11/30 v1.4a Standard LaTeX Graphics (DPC,SPQR)

(/usr/local/texlive/2020/texmf-dist/tex/latex/graphics/trig.sty
Package: trig 2016/01/03 v1.10 sin cos tan (DPC)
)
(/usr/local/texlive/2020/texmf-dist/tex/latex/graphics-cfg/graphics.cfg
File: graphics.cfg 2016/06/04 v1.11 sample graphics configuration
)
Package graphics Info: Driver file: pdftex.def on input line 105.

(/usr/local/texlive/2020/texmf-dist/tex/latex/graphics-def/pdftex.def
File: pdftex.def 2018/01/08 v1.0l Graphics/color driver for pdftex
))
\Gin@req@height=\dimen144
\Gin@req@width=\dimen145
)
(/usr/local/texlive/2020/texmf-dist/tex/latex/url/url.sty
\Urlmuskip=\muskip17
Package: url 2013/09/16  ver 3.4  Verb mode for urls, etc.
)
(/usr/local/texlive/2020/texmf-dist/tex/latex/enumitem/enumitem.sty
Package: enumitem 2019/06/20 v3.9 Customized lists
\labelindent=\skip52
\enit@outerparindent=\dimen146
\enit@toks=\toks21
\enit@inbox=\box47
\enit@count@id=\count187
\enitdp@description=\count188
)
(/usr/local/texlive/2020/texmf-dist/tex/latex/mwe/mwe.sty
Package: mwe 2018/03/30 v0.5 Package to support minimal working examples (MWE)

(/usr/local/texlive/2020/texmf-dist/tex/latex/lipsum/lipsum.sty
(/usr/local/texlive/2020/texmf-dist/tex/latex/l3kernel/expl3.sty
Package: expl3 2020-03-06 L3 programming layer (loader) 

(/usr/local/texlive/2020/texmf-dist/tex/latex/l3backend/l3backend-pdfmode.def
File: l3backend-pdfmode.def 2020-03-12 L3 backend support: PDF mode
\l__kernel_color_stack_int=\count189
\l__pdf_internal_box=\box48
)) (/usr/local/texlive/2020/texmf-dist/tex/latex/l3packages/xparse/xparse.sty
Package: xparse 2020-03-06 L3 Experimental document command parser
\l__xparse_current_arg_int=\count190
\g__xparse_grabber_int=\count191
\l__xparse_m_args_int=\count192
\l__xparse_v_nesting_int=\count193
)
Package: lipsum 2019/01/02 v2.2 150 paragraphs of Lorem Ipsum dummy text

(/usr/local/texlive/2020/texmf-dist/tex/latex/lipsum/lipsum.ltd.tex
File: lipsum.ltd.tex 2019/01/02 v2.2 The Lorem ipsum dummy text
))
(/usr/local/texlive/2020/texmf-dist/tex/latex/blindtext/blindtext.sty
Package: blindtext 2012/01/06 V2.0 blindtext-Package

(/usr/local/texlive/2020/texmf-dist/tex/latex/tools/xspace.sty
Package: xspace 2014/10/28 v1.13 Space after command names (DPC,MH)
)
\c@blindtext=\count194
\c@Blindtext=\count195
\c@blind@countparstart=\count196
\blind@countxx=\count197
\blindtext@numBlindtext=\count198
\blind@countyy=\count199
\c@blindlist=\count266
\c@blindlistlevel=\count267
\c@blindlist@level=\count268
\blind@listitem=\count269
\c@blind@listcount=\count270
\c@blind@levelcount=\count271
\blind@mathformula=\count272
\blind@Mathformula=\count273
\c@blind@randomcount=\count274
\c@blind@randommax=\count275
\c@blind@pangramcount=\count276
\c@blind@pangrammax=\count277
)) (./bv_seg.aux)
\openout1 = `bv_seg.aux'.

LaTeX Font Info:    Checking defaults for OML/cmm/m/it on input line 66.
LaTeX Font Info:    ... okay on input line 66.
LaTeX Font Info:    Checking defaults for OMS/cmsy/m/n on input line 66.
LaTeX Font Info:    ... okay on input line 66.
LaTeX Font Info:    Checking defaults for OT1/cmr/m/n on input line 66.
LaTeX Font Info:    ... okay on input line 66.
LaTeX Font Info:    Checking defaults for T1/cmr/m/n on input line 66.
LaTeX Font Info:    ... okay on input line 66.
LaTeX Font Info:    Checking defaults for TS1/cmr/m/n on input line 66.
LaTeX Font Info:    ... okay on input line 66.
LaTeX Font Info:    Checking defaults for OMX/cmex/m/n on input line 66.
LaTeX Font Info:    ... okay on input line 66.
LaTeX Font Info:    Checking defaults for U/cmr/m/n on input line 66.
LaTeX Font Info:    ... okay on input line 66.
LaTeX Font Info:    Trying to load font information for OT1+ptm on input line 6
6.
 (/usr/local/texlive/2020/texmf-dist/tex/latex/psnfss/ot1ptm.fd
File: ot1ptm.fd 2001/06/04 font definitions for OT1/ptm.
)
(/usr/local/texlive/2020/texmf-dist/tex/context/base/mkii/supp-pdf.mkii
[Loading MPS to PDF converter (version 2006.09.02).]
\scratchcounter=\count278
\scratchdimen=\dimen147
\scratchbox=\box49
\nofMPsegments=\count279
\nofMParguments=\count280
\everyMPshowfont=\toks22
\MPscratchCnt=\count281
\MPscratchDim=\dimen148
\MPnumerator=\count282
\makeMPintoPDFobject=\count283
\everyMPtoPDFconversion=\toks23
) (/usr/local/texlive/2020/texmf-dist/tex/latex/epstopdf-pkg/epstopdf-base.sty
Package: epstopdf-base 2020-01-24 v2.11 Base part for package epstopdf
Package epstopdf-base Info: Redefining graphics rule for `.eps' on input line 4
85.

(/usr/local/texlive/2020/texmf-dist/tex/latex/latexconfig/epstopdf-sys.cfg
File: epstopdf-sys.cfg 2010/07/13 v1.3 Configuration of (r)epstopdf for TeX Liv
e
))

LaTeX Warning: Citation `drive' on page 1 undefined on input line 90.


Underfull \vbox (badness 2293) has occurred while \output is active []

 [1{/usr/local/texlive/2020/texmf-var/fonts/map/pdftex/updmap/pdftex.map}



]
<images/eye_1.png, id=10, 564.1075pt x 581.17125pt>
File: images/eye_1.png Graphic file (type png)
<use images/eye_1.png>
Package pdftex.def Info: images/eye_1.png  used on input line 104.
(pdftex.def)             Requested size: 122.34685pt x 126.04013pt.
<images/Exudates_Image.png, id=12, 413.545pt x 275.0275pt>
File: images/Exudates_Image.png Graphic file (type png)
<use images/Exudates_Image.png>
Package pdftex.def Info: images/Exudates_Image.png  used on input line 111.
(pdftex.def)             Requested size: 122.34685pt x 81.36742pt.

Overfull \hbox (4.9541pt too wide) in paragraph at lines 117--119
\OT1/ptm/m/n/10 ing tech-niques and 2) us-ing deep learn-ing tech-niques.Exampl
es
 []

[2 <./images/eye_1.png> <./images/Exudates_Image.png>]

pdfTeX warning: pdflatex (file ./images/UnetArch.pdf): PDF inclusion: found PDF
 version <1.7>, but at most version <1.5> allowed
<images/UnetArch.pdf, id=20, 475.7775pt x 353.40028pt>
File: images/UnetArch.pdf Graphic file (type pdf)
<use images/UnetArch.pdf>
Package pdftex.def Info: images/UnetArch.pdf  used on input line 149.
(pdftex.def)             Requested size: 220.22282pt x 163.57986pt.

LaTeX Warning: Citation `drive' on page 3 undefined on input line 157.


LaTeX Warning: Citation `chase_db' on page 3 undefined on input line 157.


LaTeX Warning: Citation `idrid' on page 3 undefined on input line 157.

<images/19_test_img.png, id=21, 513.92pt x 513.92pt>
File: images/19_test_img.png Graphic file (type png)
<use images/19_test_img.png>
Package pdftex.def Info: images/19_test_img.png  used on input line 191.
(pdftex.def)             Requested size: 170.71652pt x 170.71548pt.
<images/19_test_gt.png, id=22, 569.12625pt x 586.19pt>
File: images/19_test_gt.png Graphic file (type png)
<use images/19_test_gt.png>
Package pdftex.def Info: images/19_test_gt.png  used on input line 197.
(pdftex.def)             Requested size: 170.71652pt x 175.83151pt.
<images/19_test prediction.png, id=23, 513.92pt x 513.92pt>
File: images/19_test prediction.png Graphic file (type png)
<use images/19_test prediction.png>
Package pdftex.def Info: images/19_test prediction.png  used on input line 203.

(pdftex.def)             Requested size: 170.71652pt x 170.71548pt.

LaTeX Warning: Float too large for page by 9.549pt on input line 210.

[3 <./images/UnetArch.pdf>]
File: images/19_test_img.png Graphic file (type png)
<use images/19_test_img.png>
Package pdftex.def Info: images/19_test_img.png  used on input line 215.
(pdftex.def)             Requested size: 170.71652pt x 170.71548pt.
File: images/19_test_gt.png Graphic file (type png)
<use images/19_test_gt.png>
Package pdftex.def Info: images/19_test_gt.png  used on input line 221.
(pdftex.def)             Requested size: 170.71652pt x 175.83151pt.
<images/19_test_pred_individual.png, id=39, 1561.835pt x 513.92pt>
File: images/19_test_pred_individual.png Graphic file (type png)
<use images/19_test_pred_individual.png>
Package pdftex.def Info: images/19_test_pred_individual.png  used on input line
 227.
(pdftex.def)             Requested size: 170.71652pt x 56.17064pt.


LaTeX Warning: Reference `sample_blood vessels' on page 4 undefined on input li
ne 299.


LaTeX Warning: Reference `sample_blood_vessels_multi_tasing' on page 4 undefine
d on input line 299.


LaTeX Warning: Reference `fig:z_dim_vs_dice' on page 4 undefined on input line 
326.


LaTeX Warning: Reference `' on page 4 undefined on input line 326.

(./bv_seg.bbl
Underfull \hbox (badness 1442) in paragraph at lines 23--29
[]\OT1/ptm/m/n/10 Sunil Ku-mar Ven-galil, Nee-lam Sinha, Srini-vas SS
 []

[4]) [5] [6 <./images/19_test_img.png (PNG copy)> <./images/19_test_gt.png> <./
images/19_test prediction.png (PNG copy)> <./images/19_test_pred_individual.png
 (PNG copy)>] (./bv_seg.aux)

LaTeX Warning: There were undefined references.

 ) 
Here is how much of TeX's memory you used:
 3078 strings out of 480608
 52382 string characters out of 5903629
 481564 words of memory out of 5000000
 18929 multiletter control sequences out of 15000+600000
 547621 words of font info for 52 fonts, out of 8000000 for 9000
 1141 hyphenation exceptions out of 8191
 44i,8n,40p,1474b,304s stack positions out of 5000i,500n,10000p,200000b,80000s
{/usr/local/texlive/2020/texmf-dist/fonts/enc/dvips/base/8r.enc}</usr/local/t
exlive/2020/texmf-dist/fonts/type1/public/amsfonts/cm/cmr10.pfb></usr/local/tex
live/2020/texmf-dist/fonts/type1/public/amsfonts/cm/cmsy10.pfb></usr/local/texl
ive/2020/texmf-dist/fonts/type1/urw/times/utmb8a.pfb></usr/local/texlive/2020/t
exmf-dist/fonts/type1/urw/times/utmbi8a.pfb></usr/local/texlive/2020/texmf-dist
/fonts/type1/urw/times/utmr8a.pfb></usr/local/texlive/2020/texmf-dist/fonts/typ
e1/urw/times/utmri8a.pfb>
Output written on bv_seg.pdf (6 pages, 2147279 bytes).
PDF statistics:
 71 PDF objects out of 1000 (max. 8388607)
 41 compressed objects within 1 object stream
 0 named destinations out of 1000 (max. 500000)
 36 words of extra memory for PDF output out of 10000 (max. 10000000)

